Fetching: Bowie Knife
  Got 10 results
Fetching: Butterfly Knife
  Got 10 results
Fetching: Driver Gloves
  Got 10 results
Fetching: Falchion Knife
  Got 10 results
Fetching: Hand Wraps
  Got 10 results
Fetching: Huntsman Knife
  Got 10 results
Fetching: Hydra Gloves
  Got 10 results
Fetching: Moto Gloves
  Got 10 results
Fetching: Navaja Knife
  Got 10 results
Fetching: Nomad Knife
  Got 10 results
Fetching: Paracord Knife
  Got 10 results
Fetching: Shadow Daggers
  Got 10 results
Fetching: Skeleton Knife
  Got 10 results
Fetching: Specialist Gloves
  Got 10 results
Fetching: Sport Gloves
  Got 10 results
Fetching: Stiletto Knife
  Got 0 results
Fetching: Survival Knife
  Got 0 results
Fetching: Talon Knife
  Got 0 results
Fetching: Ursus Knife
  Got 0 results

MISSING: 122
  ★ Navaja Knife | Case Hardened
  ★ Navaja Knife | Crimson Web
  ★ Navaja Knife | Forest DDPAT
  ★ Navaja Knife | Night Stripe
  ★ Navaja Knife | Safari Mesh
  ★ Navaja Knife | Scorched
  ★ Navaja Knife | Slaughter
  ★ Navaja Knife | Stained
  ★ Navaja Knife | Urban Masked
  ★ Stiletto Knife | Blue Steel
  ★ Stiletto Knife | Boreal Forest
  ★ Stiletto Knife | Case Hardened
  ★ Stiletto Knife | Crimson Web
  ★ Stiletto Knife | Fade
  ★ Stiletto Knife | Forest DDPAT
  ★ Stiletto Knife | Night Stripe
  ★ Stiletto Knife | Safari Mesh
  ★ Stiletto Knife | Scorched
  ★ Stiletto Knife | Slaughter
  ★ Stiletto Knife | Stained
  ★ Stiletto Knife | Urban Masked
  ★ Stiletto Knife
  ★ Talon Knife | Blue Steel
  ★ Talon Knife | Boreal Forest
  ★ Talon Knife | Case Hardened
  ★ Talon Knife | Crimson Web
  ★ Talon Knife | Forest DDPAT
  ★ Talon Knife | Night Stripe
  ★ Talon Knife | Safari Mesh
  ★ Talon Knife | Scorched
  ★ Talon Knife | Slaughter
  ★ Talon Knife | Urban Masked
  ★ Talon Knife
  ★ Ursus Knife | Blue Steel
  ★ Ursus Knife | Boreal Forest
  ★ Ursus Knife | Case Hardened
  ★ Ursus Knife | Fade
  ★ Ursus Knife | Forest DDPAT
  ★ Ursus Knife | Night Stripe
  ★ Ursus Knife | Safari Mesh
  ★ Ursus Knife | Scorched
  ★ Ursus Knife | Slaughter
  ★ Ursus Knife | Stained
  ★ Ursus Knife | Urban Masked
  ★ Ursus Knife
  ★ Nomad Knife | Case Hardened
  ★ Nomad Knife | Forest DDPAT
  ★ Nomad Knife | Night Stripe
  ★ Nomad Knife | Safari Mesh
  ★ Nomad Knife | Scorched
  ★ Nomad Knife | Slaughter
  ★ Nomad Knife | Stained
  ★ Nomad Knife | Urban Masked
  ★ Paracord Knife | Case Hardened
  ★ Paracord Knife | Crimson Web
  ★ Paracord Knife | Fade
  ★ Paracord Knife | Forest DDPAT
  ★ Paracord Knife | Night Stripe
  ★ Paracord Knife | Safari Mesh
  ★ Paracord Knife | Scorched
  ★ Paracord Knife | Slaughter
  ★ Paracord Knife | Stained
  ★ Paracord Knife | Urban Masked
  ★ Skeleton Knife | Case Hardened
  ★ Skeleton Knife | Crimson Web
  ★ Skeleton Knife | Forest DDPAT
  ★ Skeleton Knife | Safari Mesh
  ★ Skeleton Knife | Scorched
  ★ Skeleton Knife | Slaughter
  ★ Skeleton Knife | Stained
  ★ Skeleton Knife | Urban Masked
  ★ Survival Knife | Blue Steel
  ★ Survival Knife | Boreal Forest
  ★ Survival Knife | Case Hardened
  ★ Survival Knife | Crimson Web
  ★ Survival Knife | Fade
  ★ Survival Knife | Forest DDPAT
  ★ Survival Knife | Night Stripe
  ★ Survival Knife | Safari Mesh
  ★ Survival Knife | Scorched
  ★ Survival Knife | Slaughter
  ★ Survival Knife | Stained
  ★ Survival Knife | Urban Masked
  ★ Survival Knife
  ★ Bowie Knife | Bright Water
  ★ Bowie Knife | Freehand
  ★ Bowie Knife | Gamma Doppler
  ★ Bowie Knife | Lore
  ★ Butterfly Knife | Bright Water
  ★ Butterfly Knife | Freehand
  ★ Butterfly Knife | Gamma Doppler
  ★ Butterfly Knife | Lore
  ★ Falchion Knife | Bright Water
  ★ Falchion Knife | Freehand
  ★ Falchion Knife | Gamma Doppler
  ★ Falchion Knife | Lore
  ★ Huntsman Knife | Bright Water
  ★ Huntsman Knife | Freehand
  ★ Huntsman Knife | Gamma Doppler
  ★ Huntsman Knife | Lore
  ★ Shadow Daggers | Bright Water
  ★ Shadow Daggers | Freehand
  ★ Shadow Daggers | Gamma Doppler
  ★ Shadow Daggers | Lore
  ★ Driver Gloves | Imperial Plaid
  ★ Driver Gloves | King Snake
  ★ Driver Gloves | Overtake
  ★ Driver Gloves | Racing Green
  ★ Hand Wraps | Cobalt Skulls
  ★ Hand Wraps | Duct Tape
  ★ Hand Wraps | Overprint
  ★ Hydra Gloves | Mangrove
  ★ Hydra Gloves | Rattler
  ★ Moto Gloves | POW!
  ★ Moto Gloves | Polygon
  ★ Moto Gloves | Transport
  ★ Moto Gloves | Turtle
  ★ Specialist Gloves | Fade
  ★ Specialist Gloves | Mogul
  ★ Sport Gloves | Bronze Morph
  ★ Sport Gloves | Omega
  ★ Sport Gloves | Vice
